# JRE version: Java(TM) SE Runtime Environment (7.0_71-b14) (build 1.7.0_71-b14)
# Java VM: Java HotSpot(TM) Client VM (24.71-b01 mixed mode windows-x86 )
Heap
 par new generation   total 18432K, used 12336K [0x04200000, 0x05600000, 0x0eca0000)
  eden space 16384K,  62% used [0x04200000, 0x04c0c2c8, 0x05200000)
  from space 2048K, 100% used [0x05400000, 0x05600000, 0x05600000)
  to   space 2048K,   0% used [0x05200000, 0x05200000, 0x05400000)
 concurrent mark-sweep generation total 40960K, used 29158K [0x0eca0000, 0x114a0000, 0x24200000)
 concurrent-mark-sweep perm gen total 58848K, used 40171K [0x24200000, 0x27b78000, 0x28200000)
GC Heap History (10 events):
Event: 15.005 GC heap before
{Heap before GC invocations=16 (full 4):
 par new generation   total 18432K, used 18432K [0x04200000, 0x05600000, 0x0eca0000)
  eden space 16384K, 100% used [0x04200000, 0x05200000, 0x05200000)
  from space 2048K, 100% used [0x05200000, 0x05400000, 0x05400000)
  to   space 2048K,   0% used [0x05400000, 0x05400000, 0x05600000)
 concurrent mark-sweep generation total 40960K, used 30749K [0x0eca0000, 0x114a0000, 0x24200000)
 concurrent-mark-sweep perm gen total 54344K, used 35196K [0x24200000, 0x27712000, 0x28200000)
Event: 15.017 GC heap after
Heap after GC invocations=17 (full 4):
 par new generation   total 18432K, used 2048K [0x04200000, 0x05600000, 0x0eca0000)
  eden space 16384K,   0% used [0x04200000, 0x04200000, 0x05200000)
  from space 2048K, 100% used [0x05400000, 0x05600000, 0x05600000)
  to   space 2048K,   0% used [0x05200000, 0x05200000, 0x05400000)
 concurrent mark-sweep generation total 40960K, used 32719K [0x0eca0000, 0x114a0000, 0x24200000)
 concurrent-mark-sweep perm gen total 54344K, used 35196K [0x24200000, 0x27712000, 0x28200000)
}
Event: 15.068 GC heap before
{Heap before GC invocations=17 (full 4):
 par new generation   total 18432K, used 18432K [0x04200000, 0x05600000, 0x0eca0000)
  eden space 16384K, 100% used [0x04200000, 0x05200000, 0x05200000)
  from space 2048K, 100% used [0x05400000, 0x05600000, 0x05600000)
  to   space 2048K,   0% used [0x05200000, 0x05200000, 0x05400000)
 concurrent mark-sweep generation total 40960K, used 32719K [0x0eca0000, 0x114a0000, 0x24200000)
 concurrent-mark-sweep perm gen total 54344K, used 35225K [0x24200000, 0x27712000, 0x28200000)
Event: 15.082 GC heap after
Heap after GC invocations=18 (full 4):
 par new generation   total 18432K, used 2048K [0x04200000, 0x05600000, 0x0eca0000)
  eden space 16384K,   0% used [0x04200000, 0x04200000, 0x05200000)
  from space 2048K, 100% used [0x05200000, 0x05400000, 0x05400000)
  to   space 2048K,   0% used [0x05400000, 0x05400000, 0x05600000)
 concurrent mark-sweep generation total 40960K, used 34161K [0x0eca0000, 0x114a0000, 0x24200000)
 concurrent-mark-sweep perm gen total 54344K, used 35225K [0x24200000, 0x27712000, 0x28200000)
}
Event: 15.124 GC heap before
{Heap before GC invocations=18 (full 4):
 par new generation   total 18432K, used 18432K [0x04200000, 0x05600000, 0x0eca0000)
  eden space 16384K, 100% used [0x04200000, 0x05200000, 0x05200000)
  from space 2048K, 100% used [0x05200000, 0x05400000, 0x05400000)
  to   space 2048K,   0% used [0x05400000, 0x05400000, 0x05600000)
 concurrent mark-sweep generation total 40960K, used 34161K [0x0eca0000, 0x114a0000, 0x24200000)
 concurrent-mark-sweep perm gen total 54344K, used 35306K [0x24200000, 0x27712000, 0x28200000)
Event: 15.145 GC heap after
Heap after GC invocations=19 (full 4):
 par new generation   total 18432K, used 2048K [0x04200000, 0x05600000, 0x0eca0000)
  eden space 16384K,   0% used [0x04200000, 0x04200000, 0x05200000)
  from space 2048K, 100% used [0x05400000, 0x05600000, 0x05600000)
  to   space 2048K,   0% used [0x05200000, 0x05200000, 0x05400000)
 concurrent mark-sweep generation total 40960K, used 36494K [0x0eca0000, 0x114a0000, 0x24200000)
 concurrent-mark-sweep perm gen total 54344K, used 35306K [0x24200000, 0x27712000, 0x28200000)
}
Event: 15.284 GC heap before
{Heap before GC invocations=19 (full 4):
 par new generation   total 18432K, used 18432K [0x04200000, 0x05600000, 0x0eca0000)
  eden space 16384K, 100% used [0x04200000, 0x05200000, 0x05200000)
  from space 2048K, 100% used [0x05400000, 0x05600000, 0x05600000)
  to   space 2048K,   0% used [0x05200000, 0x05200000, 0x05400000)
 concurrent mark-sweep generation total 40960K, used 23788K [0x0eca0000, 0x114a0000, 0x24200000)
 concurrent-mark-sweep perm gen total 58848K, used 35352K [0x24200000, 0x27b78000, 0x28200000)
Event: 15.297 GC heap after
Heap after GC invocations=20 (full 4):
 par new generation   total 18432K, used 2048K [0x04200000, 0x05600000, 0x0eca0000)
  eden space 16384K,   0% used [0x04200000, 0x04200000, 0x05200000)
  from space 2048K, 100% used [0x05200000, 0x05400000, 0x05400000)
  to   space 2048K,   0% used [0x05400000, 0x05400000, 0x05600000)
 concurrent mark-sweep generation total 40960K, used 25781K [0x0eca0000, 0x114a0000, 0x24200000)
 concurrent-mark-sweep perm gen total 58848K, used 35352K [0x24200000, 0x27b78000, 0x28200000)
}
Event: 16.154 GC heap before
{Heap before GC invocations=20 (full 4):
 par new generation   total 18432K, used 18432K [0x04200000, 0x05600000, 0x0eca0000)
  eden space 16384K, 100% used [0x04200000, 0x05200000, 0x05200000)
  from space 2048K, 100% used [0x05200000, 0x05400000, 0x05400000)
  to   space 2048K,   0% used [0x05400000, 0x05400000, 0x05600000)
 concurrent mark-sweep generation total 40960K, used 25781K [0x0eca0000, 0x114a0000, 0x24200000)
 concurrent-mark-sweep perm gen total 58848K, used 37168K [0x24200000, 0x27b78000, 0x28200000)
Event: 16.173 GC heap after
Heap after GC invocations=21 (full 4):
 par new generation   total 18432K, used 2048K [0x04200000, 0x05600000, 0x0eca0000)
  eden space 16384K,   0% used [0x04200000, 0x04200000, 0x05200000)
  from space 2048K, 100% used [0x05400000, 0x05600000, 0x05600000)
  to   space 2048K,   0% used [0x05200000, 0x05200000, 0x05400000)
 concurrent mark-sweep generation total 40960K, used 29158K [0x0eca0000, 0x114a0000, 0x24200000)
 concurrent-mark-sweep perm gen total 58848K, used 37168K [0x24200000, 0x27b78000, 0x28200000)
}

