# JRE version: Java(TM) SE Runtime Environment (7.0_71-b14) (build 1.7.0_71-b14)
# Java VM: Java HotSpot(TM) Client VM (24.71-b01 mixed mode windows-x86 )
Heap
 par new generation   total 18432K, used 3972K [0x04000000, 0x05400000, 0x0eaa0000)
  eden space 16384K,  11% used [0x04000000, 0x041e12b8, 0x05000000)
  from space 2048K, 100% used [0x05200000, 0x05400000, 0x05400000)
  to   space 2048K,   0% used [0x05000000, 0x05000000, 0x05200000)
 concurrent mark-sweep generation total 67876K, used 49126K [0x0eaa0000, 0x12ce9000, 0x24000000)
 concurrent-mark-sweep perm gen total 65536K, used 48866K [0x24000000, 0x28000000, 0x28000000)
GC Heap History (10 events):
Event: 1209.496 GC heap before
{Heap before GC invocations=256 (full 27):
 par new generation   total 18432K, used 18432K [0x04000000, 0x05400000, 0x0eaa0000)
  eden space 16384K, 100% used [0x04000000, 0x05000000, 0x05000000)
  from space 2048K, 100% used [0x05000000, 0x05200000, 0x05200000)
  to   space 2048K,   0% used [0x05200000, 0x05200000, 0x05400000)
 concurrent mark-sweep generation total 67876K, used 37243K [0x0eaa0000, 0x12ce9000, 0x24000000)
 concurrent-mark-sweep perm gen total 65536K, used 45884K [0x24000000, 0x28000000, 0x28000000)
Event: 1209.515 GC heap after
Heap after GC invocations=257 (full 27):
 par new generation   total 18432K, used 2048K [0x04000000, 0x05400000, 0x0eaa0000)
  eden space 16384K,   0% used [0x04000000, 0x04000000, 0x05000000)
  from space 2048K, 100% used [0x05200000, 0x05400000, 0x05400000)
  to   space 2048K,   0% used [0x05000000, 0x05000000, 0x05200000)
 concurrent mark-sweep generation total 67876K, used 39954K [0x0eaa0000, 0x12ce9000, 0x24000000)
 concurrent-mark-sweep perm gen total 65536K, used 45884K [0x24000000, 0x28000000, 0x28000000)
}
Event: 1210.799 GC heap before
{Heap before GC invocations=257 (full 27):
 par new generation   total 18432K, used 18432K [0x04000000, 0x05400000, 0x0eaa0000)
  eden space 16384K, 100% used [0x04000000, 0x05000000, 0x05000000)
  from space 2048K, 100% used [0x05200000, 0x05400000, 0x05400000)
  to   space 2048K,   0% used [0x05000000, 0x05000000, 0x05200000)
 concurrent mark-sweep generation total 67876K, used 39954K [0x0eaa0000, 0x12ce9000, 0x24000000)
 concurrent-mark-sweep perm gen total 65536K, used 45884K [0x24000000, 0x28000000, 0x28000000)
Event: 1210.807 GC heap after
Heap after GC invocations=258 (full 27):
 par new generation   total 18432K, used 2048K [0x04000000, 0x05400000, 0x0eaa0000)
  eden space 16384K,   0% used [0x04000000, 0x04000000, 0x05000000)
  from space 2048K, 100% used [0x05000000, 0x05200000, 0x05200000)
  to   space 2048K,   0% used [0x05200000, 0x05200000, 0x05400000)
 concurrent mark-sweep generation total 67876K, used 41923K [0x0eaa0000, 0x12ce9000, 0x24000000)
 concurrent-mark-sweep perm gen total 65536K, used 45884K [0x24000000, 0x28000000, 0x28000000)
}
Event: 1212.715 GC heap before
{Heap before GC invocations=258 (full 27):
 par new generation   total 18432K, used 18432K [0x04000000, 0x05400000, 0x0eaa0000)
  eden space 16384K, 100% used [0x04000000, 0x05000000, 0x05000000)
  from space 2048K, 100% used [0x05000000, 0x05200000, 0x05200000)
  to   space 2048K,   0% used [0x05200000, 0x05200000, 0x05400000)
 concurrent mark-sweep generation total 67876K, used 41923K [0x0eaa0000, 0x12ce9000, 0x24000000)
 concurrent-mark-sweep perm gen total 65536K, used 45892K [0x24000000, 0x28000000, 0x28000000)
Event: 1212.717 GC heap after
Heap after GC invocations=259 (full 27):
 par new generation   total 18432K, used 746K [0x04000000, 0x05400000, 0x0eaa0000)
  eden space 16384K,   0% used [0x04000000, 0x04000000, 0x05000000)
  from space 2048K,  36% used [0x05200000, 0x052baab0, 0x05400000)
  to   space 2048K,   0% used [0x05000000, 0x05000000, 0x05200000)
 concurrent mark-sweep generation total 67876K, used 41923K [0x0eaa0000, 0x12ce9000, 0x24000000)
 concurrent-mark-sweep perm gen total 65536K, used 45892K [0x24000000, 0x28000000, 0x28000000)
}
Event: 1214.809 GC heap before
{Heap before GC invocations=259 (full 27):
 par new generation   total 18432K, used 17130K [0x04000000, 0x05400000, 0x0eaa0000)
  eden space 16384K, 100% used [0x04000000, 0x05000000, 0x05000000)
  from space 2048K,  36% used [0x05200000, 0x052baab0, 0x05400000)
  to   space 2048K,   0% used [0x05000000, 0x05000000, 0x05200000)
 concurrent mark-sweep generation total 67876K, used 41923K [0x0eaa0000, 0x12ce9000, 0x24000000)
 concurrent-mark-sweep perm gen total 65536K, used 45981K [0x24000000, 0x28000000, 0x28000000)
Event: 1214.822 GC heap after
Heap after GC invocations=260 (full 27):
 par new generation   total 18432K, used 2048K [0x04000000, 0x05400000, 0x0eaa0000)
  eden space 16384K,   0% used [0x04000000, 0x04000000, 0x05000000)
  from space 2048K, 100% used [0x05000000, 0x05200000, 0x05200000)
  to   space 2048K,   0% used [0x05200000, 0x05200000, 0x05400000)
 concurrent mark-sweep generation total 67876K, used 43266K [0x0eaa0000, 0x12ce9000, 0x24000000)
 concurrent-mark-sweep perm gen total 65536K, used 45981K [0x24000000, 0x28000000, 0x28000000)
}
Event: 1229.767 GC heap before
{Heap before GC invocations=260 (full 27):
 par new generation   total 18432K, used 17074K [0x04000000, 0x05400000, 0x0eaa0000)
  eden space 16384K,  91% used [0x04000000, 0x04eac8e0, 0x05000000)
  from space 2048K, 100% used [0x05000000, 0x05200000, 0x05200000)
  to   space 2048K,   0% used [0x05200000, 0x05200000, 0x05400000)
 concurrent mark-sweep generation total 67876K, used 43266K [0x0eaa0000, 0x12ce9000, 0x24000000)
 concurrent-mark-sweep perm gen total 65536K, used 48631K [0x24000000, 0x28000000, 0x28000000)
Event: 1229.797 GC heap after
Heap after GC invocations=261 (full 27):
 par new generation   total 18432K, used 2048K [0x04000000, 0x05400000, 0x0eaa0000)
  eden space 16384K,   0% used [0x04000000, 0x04000000, 0x05000000)
  from space 2048K, 100% used [0x05200000, 0x05400000, 0x05400000)
  to   space 2048K,   0% used [0x05000000, 0x05000000, 0x05200000)
 concurrent mark-sweep generation total 67876K, used 49126K [0x0eaa0000, 0x12ce9000, 0x24000000)
 concurrent-mark-sweep perm gen total 65536K, used 48631K [0x24000000, 0x28000000, 0x28000000)
}

